<?xml version="1.0" encoding="UTF-8"?>
<testsuites>
  <testsuite name="/app/phpunit.xml" tests="36" assertions="95" errors="0" failures="0" skipped="0" time="3.119692">
    <testsuite name="Performance Tests" tests="36" assertions="95" errors="0" failures="0" skipped="0" time="3.119692">
      <testsuite name="SortedLinkedListLibrary\PerformanceTest" file="/app/tests/SortedLinkedListLibrary/PerformanceTest.php" tests="36" assertions="95" errors="0" failures="0" skipped="0" time="3.119692">
        <testcase name="testAddPerformanceWithLargeDataset" file="/app/tests/SortedLinkedListLibrary/PerformanceTest.php" line="23" class="SortedLinkedListLibrary\PerformanceTest" classname="SortedLinkedListLibrary.PerformanceTest" assertions="2" time="0.026220"/>
        <testcase name="testAddPerformanceWithSortedData" file="/app/tests/SortedLinkedListLibrary/PerformanceTest.php" line="45" class="SortedLinkedListLibrary\PerformanceTest" classname="SortedLinkedListLibrary.PerformanceTest" assertions="2" time="0.015480"/>
        <testcase name="testAddPerformanceWithReverseSortedData" file="/app/tests/SortedLinkedListLibrary/PerformanceTest.php" line="63" class="SortedLinkedListLibrary\PerformanceTest" classname="SortedLinkedListLibrary.PerformanceTest" assertions="2" time="0.088463"/>
        <testcase name="testMergePerformanceWithLargeLists" file="/app/tests/SortedLinkedListLibrary/PerformanceTest.php" line="85" class="SortedLinkedListLibrary\PerformanceTest" classname="SortedLinkedListLibrary.PerformanceTest" assertions="2" time="0.163611"/>
        <testcase name="testUnionPerformanceWithLargeLists" file="/app/tests/SortedLinkedListLibrary/PerformanceTest.php" line="107" class="SortedLinkedListLibrary\PerformanceTest" classname="SortedLinkedListLibrary.PerformanceTest" assertions="2" time="0.178115"/>
        <testcase name="testIntersectPerformanceWithLargeLists" file="/app/tests/SortedLinkedListLibrary/PerformanceTest.php" line="129" class="SortedLinkedListLibrary\PerformanceTest" classname="SortedLinkedListLibrary.PerformanceTest" assertions="2" time="0.229011"/>
        <testcase name="testAddAllPerformanceWithLargeDataset" file="/app/tests/SortedLinkedListLibrary/PerformanceTest.php" line="151" class="SortedLinkedListLibrary\PerformanceTest" classname="SortedLinkedListLibrary.PerformanceTest" assertions="2" time="0.026898"/>
        <testcase name="testMemoryUsageWithLargeList" file="/app/tests/SortedLinkedListLibrary/PerformanceTest.php" line="173" class="SortedLinkedListLibrary\PerformanceTest" classname="SortedLinkedListLibrary.PerformanceTest" assertions="2" time="0.076574"/>
        <testcase name="testMemoryUsageWithStrings" file="/app/tests/SortedLinkedListLibrary/PerformanceTest.php" line="209" class="SortedLinkedListLibrary\PerformanceTest" classname="SortedLinkedListLibrary.PerformanceTest" assertions="1" time="0.019128"/>
        <testcase name="testLinearComplexityForAdd" file="/app/tests/SortedLinkedListLibrary/PerformanceTest.php" line="232" class="SortedLinkedListLibrary\PerformanceTest" classname="SortedLinkedListLibrary.PerformanceTest" assertions="1" time="0.041560"/>
        <testcase name="testLinearComplexityForMerge" file="/app/tests/SortedLinkedListLibrary/PerformanceTest.php" line="278" class="SortedLinkedListLibrary\PerformanceTest" classname="SortedLinkedListLibrary.PerformanceTest" assertions="1" time="0.179752"/>
        <testcase name="testLinearComplexityForContains" file="/app/tests/SortedLinkedListLibrary/PerformanceTest.php" line="306" class="SortedLinkedListLibrary\PerformanceTest" classname="SortedLinkedListLibrary.PerformanceTest" assertions="3" time="0.026371"/>
        <testcase name="testWithVeryLargeIntegers" file="/app/tests/SortedLinkedListLibrary/PerformanceTest.php" line="336" class="SortedLinkedListLibrary\PerformanceTest" classname="SortedLinkedListLibrary.PerformanceTest" assertions="1" time="0.000446"/>
        <testcase name="testWithVeryLongStrings" file="/app/tests/SortedLinkedListLibrary/PerformanceTest.php" line="348" class="SortedLinkedListLibrary\PerformanceTest" classname="SortedLinkedListLibrary.PerformanceTest" assertions="1" time="0.000413"/>
        <testcase name="testWithManyDuplicateValues" file="/app/tests/SortedLinkedListLibrary/PerformanceTest.php" line="360" class="SortedLinkedListLibrary\PerformanceTest" classname="SortedLinkedListLibrary.PerformanceTest" assertions="5" time="0.026375"/>
        <testcase name="testRemoveAllPerformanceWithLargeList" file="/app/tests/SortedLinkedListLibrary/PerformanceTest.php" line="382" class="SortedLinkedListLibrary\PerformanceTest" classname="SortedLinkedListLibrary.PerformanceTest" assertions="2" time="0.023999"/>
        <testcase name="testFilterPerformanceWithLargeList" file="/app/tests/SortedLinkedListLibrary/PerformanceTest.php" line="402" class="SortedLinkedListLibrary\PerformanceTest" classname="SortedLinkedListLibrary.PerformanceTest" assertions="2" time="0.026925"/>
        <testcase name="testUniquePerformanceWithLargeList" file="/app/tests/SortedLinkedListLibrary/PerformanceTest.php" line="420" class="SortedLinkedListLibrary\PerformanceTest" classname="SortedLinkedListLibrary.PerformanceTest" assertions="2" time="0.023103"/>
        <testcase name="testAddLimitationReverseSortedInserts" file="/app/tests/SortedLinkedListLibrary/PerformanceTest.php" line="457" class="SortedLinkedListLibrary\PerformanceTest" classname="SortedLinkedListLibrary.PerformanceTest" assertions="5" time="0.008726"/>
        <testcase name="testAddLimitationAfterStructuralModifications" file="/app/tests/SortedLinkedListLibrary/PerformanceTest.php" line="491" class="SortedLinkedListLibrary\PerformanceTest" classname="SortedLinkedListLibrary.PerformanceTest" assertions="1" time="0.013950"/>
        <testcase name="testAddLimitationRandomInserts" file="/app/tests/SortedLinkedListLibrary/PerformanceTest.php" line="530" class="SortedLinkedListLibrary\PerformanceTest" classname="SortedLinkedListLibrary.PerformanceTest" assertions="2" time="1.664674"/>
        <testcase name="testAddLimitationAlternatingValues" file="/app/tests/SortedLinkedListLibrary/PerformanceTest.php" line="563" class="SortedLinkedListLibrary\PerformanceTest" classname="SortedLinkedListLibrary.PerformanceTest" assertions="2" time="0.019250"/>
        <testcase name="testAddLimitationSmallerValuesAfterLarge" file="/app/tests/SortedLinkedListLibrary/PerformanceTest.php" line="589" class="SortedLinkedListLibrary\PerformanceTest" classname="SortedLinkedListLibrary.PerformanceTest" assertions="2" time="0.006096"/>
        <testcase name="testAddCacheBackwardTraversalIsFastNearTail" file="/app/tests/SortedLinkedListLibrary/PerformanceTest.php" line="622" class="SortedLinkedListLibrary\PerformanceTest" classname="SortedLinkedListLibrary.PerformanceTest" assertions="4" time="0.089801"/>
        <testcase name="testAddLimitationComparisonSequentialVsReverse" file="/app/tests/SortedLinkedListLibrary/PerformanceTest.php" line="674" class="SortedLinkedListLibrary\PerformanceTest" classname="SortedLinkedListLibrary.PerformanceTest" assertions="4" time="0.007037"/>
        <testcase name="testCacheWorksForDescendingSequentialInserts" file="/app/tests/SortedLinkedListLibrary/PerformanceTest.php" line="707" class="SortedLinkedListLibrary\PerformanceTest" classname="SortedLinkedListLibrary.PerformanceTest" assertions="4" time="0.008440"/>
        <testcase name="testCacheInvalidatedAfterMerge" file="/app/tests/SortedLinkedListLibrary/PerformanceTest.php" line="735" class="SortedLinkedListLibrary\PerformanceTest" classname="SortedLinkedListLibrary.PerformanceTest" assertions="5" time="0.006412"/>
        <testcase name="testCacheInvalidatedAfterReverse" file="/app/tests/SortedLinkedListLibrary/PerformanceTest.php" line="769" class="SortedLinkedListLibrary\PerformanceTest" classname="SortedLinkedListLibrary.PerformanceTest" assertions="5" time="0.003168"/>
        <testcase name="testCacheInvalidatedAfterClear" file="/app/tests/SortedLinkedListLibrary/PerformanceTest.php" line="796" class="SortedLinkedListLibrary\PerformanceTest" classname="SortedLinkedListLibrary.PerformanceTest" assertions="3" time="0.003316"/>
        <testcase name="testCacheInvalidatedAfterFilter" file="/app/tests/SortedLinkedListLibrary/PerformanceTest.php" line="822" class="SortedLinkedListLibrary\PerformanceTest" classname="SortedLinkedListLibrary.PerformanceTest" assertions="2" time="0.003351"/>
        <testcase name="testCacheInvalidatedAfterUnique" file="/app/tests/SortedLinkedListLibrary/PerformanceTest.php" line="844" class="SortedLinkedListLibrary\PerformanceTest" classname="SortedLinkedListLibrary.PerformanceTest" assertions="4" time="0.001625"/>
        <testcase name="testCopyPerformanceIsLinear" file="/app/tests/SortedLinkedListLibrary/PerformanceTest.php" line="871" class="SortedLinkedListLibrary\PerformanceTest" classname="SortedLinkedListLibrary.PerformanceTest" assertions="6" time="0.014774"/>
        <testcase name="testFromArrayPerformanceUsesOptimization" file="/app/tests/SortedLinkedListLibrary/PerformanceTest.php" line="905" class="SortedLinkedListLibrary\PerformanceTest" classname="SortedLinkedListLibrary.PerformanceTest" assertions="3" time="0.008712"/>
        <testcase name="testFromIterablePerformanceUsesOptimization" file="/app/tests/SortedLinkedListLibrary/PerformanceTest.php" line="927" class="SortedLinkedListLibrary\PerformanceTest" classname="SortedLinkedListLibrary.PerformanceTest" assertions="3" time="0.011393"/>
        <testcase name="testRemoveAllPerformanceOptimization" file="/app/tests/SortedLinkedListLibrary/PerformanceTest.php" line="955" class="SortedLinkedListLibrary\PerformanceTest" classname="SortedLinkedListLibrary.PerformanceTest" assertions="3" time="0.010149"/>
        <testcase name="testRemoveAllAndEveryOccurrencePerformanceOptimization" file="/app/tests/SortedLinkedListLibrary/PerformanceTest.php" line="982" class="SortedLinkedListLibrary\PerformanceTest" classname="SortedLinkedListLibrary.PerformanceTest" assertions="2" time="0.066374"/>
      </testsuite>
    </testsuite>
  </testsuite>
</testsuites>
